<?xml version="1.0" encoding="UTF-8"?>
<!-- Generated by org.testng.reporters.JUnitReportReporter -->
<testsuite hostname="Arifuls-MacBook-Pro.local" failures="0" tests="2" name="com.careerhack.runners.TestRunner" time="0.141" errors="0" timestamp="10 Jul 2022 17:38:17 GMT" skipped="0">
  <testcase classname="com.careerhack.runners.TestRunner" name="runScenario" time="0.004"/>
  <testcase classname="com.careerhack.runners.TestRunner" name="runScenario" time="0.137"/>
</testsuite> <!-- com.careerhack.runners.TestRunner -->
